<?xml version="1.0" encoding="UTF-8" standalone="no"?>
<!DOCTYPE log SYSTEM "logger.dtd">
<log>
<record>
  <date>2019-09-08T18:30:15</date>
  <millis>1567956615630</millis>
  <sequence>0</sequence>
  <logger>com.skostaras.services.Maze</logger>
  <level>SEVERE</level>
  <class>com.skostaras.application.Logging</class>
  <method>logAndPrint</method>
  <thread>1</thread>
  <message>resources/validSolvableMaze12.txt (No such file or directory)</message>
</record>
</log>
<?xml version="1.0" encoding="UTF-8" standalone="no"?>
<!DOCTYPE log SYSTEM "logger.dtd">
<log>
<record>
  <date>2019-09-08T18:30:29</date>
  <millis>1567956629367</millis>
  <sequence>0</sequence>
  <logger>com.skostaras.services.Maze</logger>
  <level>INFO</level>
  <class>com.skostaras.application.Logging</class>
  <method>logAndPrint</method>
  <thread>1</thread>
  <message>(0:3 (S)),(1:3),(1:2),(2:2 (G))</message>
</record>
</log>
<?xml version="1.0" encoding="UTF-8" standalone="no"?>
<!DOCTYPE log SYSTEM "logger.dtd">
<log>
<record>
  <date>2019-09-08T18:45:50</date>
  <millis>1567957550695</millis>
  <sequence>0</sequence>
  <logger>com.skostaras.services.Maze</logger>
  <level>SEVERE</level>
  <class>com.skostaras.application.Logging</class>
  <method>logAndPrint</method>
  <thread>1</thread>
  <message>validSolvableMaze1.txt contains more than one Entry Points (S).</message>
</record>
</log>
<?xml version="1.0" encoding="UTF-8" standalone="no"?>
<!DOCTYPE log SYSTEM "logger.dtd">
<log>
<record>
  <date>2019-09-08T18:46:07</date>
  <millis>1567957567404</millis>
  <sequence>0</sequence>
  <logger>com.skostaras.services.Maze</logger>
  <level>SEVERE</level>
  <class>com.skostaras.application.Logging</class>
  <method>logAndPrint</method>
  <thread>1</thread>
  <message>validSolvableMaze1.txt contains more than one Entry Points (S).</message>
</record>
<record>
  <date>2019-09-08T18:46:07</date>
  <millis>1567957567439</millis>
  <sequence>1</sequence>
  <logger>com.skostaras.services.Maze</logger>
  <level>INFO</level>
  <class>com.skostaras.application.Logging</class>
  <method>logAndPrint</method>
  <thread>1</thread>
  <message>(0:3 (S)),(1:3),(1:2),(2:2 (G))</message>
</record>
</log>
<?xml version="1.0" encoding="UTF-8" standalone="no"?>
<!DOCTYPE log SYSTEM "logger.dtd">
<log>
<record>
  <date>2019-09-08T18:47:42</date>
  <millis>1567957662605</millis>
  <sequence>0</sequence>
  <logger>com.skostaras.services.Maze</logger>
  <level>SEVERE</level>
  <class>com.skostaras.application.Logging</class>
  <method>logAndPrint</method>
  <thread>1</thread>
  <message>validSolvableMaze1.txt contains more than one Entry Points (S).</message>
</record>
</log>
<?xml version="1.0" encoding="UTF-8" standalone="no"?>
<!DOCTYPE log SYSTEM "logger.dtd">
<log>
<record>
  <date>2019-09-08T19:01:46</date>
  <millis>1567958506852</millis>
  <sequence>0</sequence>
  <logger>com.skostaras.services.MazeSolverWithDFSAlgorithm</logger>
  <level>SEVERE</level>
  <class>com.skostaras.application.Logging</class>
  <method>logAndPrint</method>
  <thread>1</thread>
  <message>validNonSolvableMaze1.txt doesn't have a solution.</message>
</record>
</log>
<?xml version="1.0" encoding="UTF-8" standalone="no"?>
<!DOCTYPE log SYSTEM "logger.dtd">
<log>
<record>
  <date>2019-09-08T19:25:54</date>
  <millis>1567959954553</millis>
  <sequence>0</sequence>
  <logger>com.skostaras.services.MazeSolverWithDFSAlgorithm</logger>
  <level>INFO</level>
  <class>com.skostaras.application.Logging</class>
  <method>logAndPrint</method>
  <thread>1</thread>
  <message>validNonSolvableMaze1.txt doesn't have a solution.</message>
</record>
</log>
